# JRE version: OpenJDK Runtime Environment Corretto-15.0.2.7.1 (15.0.2+7) (build 15.0.2+7)
# Java VM: OpenJDK 64-Bit Server VM Corretto-15.0.2.7.1 (15.0.2+7, mixed mode, sharing, tiered, compressed oops, g1 gc, windows-amd64)
GC Precious Log:
 CPUs: 8 total, 8 available
 Memory: 8029M
 Large Page Support: Disabled
 NUMA Support: Disabled
 Compressed Oops: Enabled (32-bit)
 Heap Region Size: 1M
 Heap Min Capacity: 8M
 Heap Initial Capacity: 126M
 Heap Max Capacity: 2008M
 Pre-touch: Disabled
 Parallel Workers: 8
 Concurrent Workers: 2
 Concurrent Refinement Workers: 8
 Periodic GC: Disabled
Heap:
 garbage-first heap   total 123904K, used 49302K [0x0000000082800000, 0x0000000100000000)
  region size 1024K, 4 young (4096K), 4 survivors (4096K)
 Metaspace       used 52058K, capacity 52841K, committed 52912K, reserved 1095680K
  class space    used 6829K, capacity 7100K, committed 7168K, reserved 1048576K
GC Heap History (20 events):
Event: 12.304 GC heap after
{Heap after GC invocations=21 (full 0):
 garbage-first heap   total 95232K, used 40631K [0x0000000082800000, 0x0000000100000000)
  region size 1024K, 3 young (3072K), 3 survivors (3072K)
 Metaspace       used 49216K, capacity 49864K, committed 50096K, reserved 1093632K
  class space    used 6636K, capacity 6828K, committed 6912K, reserved 1048576K
}
Event: 12.432 GC heap before
{Heap before GC invocations=21 (full 0):
 garbage-first heap   total 95232K, used 78519K [0x0000000082800000, 0x0000000100000000)
  region size 1024K, 40 young (40960K), 3 survivors (3072K)
 Metaspace       used 49762K, capacity 50454K, committed 50608K, reserved 1093632K
  class space    used 6687K, capacity 6909K, committed 6912K, reserved 1048576K
}
Event: 12.434 GC heap after
{Heap after GC invocations=22 (full 0):
 garbage-first heap   total 95232K, used 41385K [0x0000000082800000, 0x0000000100000000)
  region size 1024K, 3 young (3072K), 3 survivors (3072K)
 Metaspace       used 49762K, capacity 50454K, committed 50608K, reserved 1093632K
  class space    used 6687K, capacity 6909K, committed 6912K, reserved 1048576K
}
Event: 12.556 GC heap before
{Heap before GC invocations=22 (full 0):
 garbage-first heap   total 95232K, used 79273K [0x0000000082800000, 0x0000000100000000)
  region size 1024K, 40 young (40960K), 3 survivors (3072K)
 Metaspace       used 49974K, capacity 50638K, committed 50736K, reserved 1093632K
  class space    used 6700K, capacity 6946K, committed 7040K, reserved 1048576K
}
Event: 12.559 GC heap after
{Heap after GC invocations=23 (full 0):
 garbage-first heap   total 95232K, used 42191K [0x0000000082800000, 0x0000000100000000)
  region size 1024K, 4 young (4096K), 4 survivors (4096K)
 Metaspace       used 49974K, capacity 50638K, committed 50736K, reserved 1093632K
  class space    used 6700K, capacity 6946K, committed 7040K, reserved 1048576K
}
Event: 12.681 GC heap before
{Heap before GC invocations=23 (full 0):
 garbage-first heap   total 95232K, used 80079K [0x0000000082800000, 0x0000000100000000)
  region size 1024K, 41 young (41984K), 4 survivors (4096K)
 Metaspace       used 50255K, capacity 50918K, committed 51248K, reserved 1093632K
  class space    used 6717K, capacity 6950K, committed 7040K, reserved 1048576K
}
Event: 12.684 GC heap after
{Heap after GC invocations=24 (full 0):
 garbage-first heap   total 95232K, used 43068K [0x0000000082800000, 0x0000000100000000)
  region size 1024K, 4 young (4096K), 4 survivors (4096K)
 Metaspace       used 50255K, capacity 50918K, committed 51248K, reserved 1093632K
  class space    used 6717K, capacity 6950K, committed 7040K, reserved 1048576K
}
Event: 12.793 GC heap before
{Heap before GC invocations=24 (full 0):
 garbage-first heap   total 95232K, used 79932K [0x0000000082800000, 0x0000000100000000)
  region size 1024K, 40 young (40960K), 4 survivors (4096K)
 Metaspace       used 50525K, capacity 51236K, committed 51504K, reserved 1093632K
  class space    used 6733K, capacity 6988K, committed 7040K, reserved 1048576K
}
Event: 12.796 GC heap after
{Heap after GC invocations=25 (full 0):
 garbage-first heap   total 95232K, used 44179K [0x0000000082800000, 0x0000000100000000)
  region size 1024K, 3 young (3072K), 3 survivors (3072K)
 Metaspace       used 50525K, capacity 51236K, committed 51504K, reserved 1093632K
  class space    used 6733K, capacity 6988K, committed 7040K, reserved 1048576K
}
Event: 12.894 GC heap before
{Heap before GC invocations=25 (full 0):
 garbage-first heap   total 95232K, used 80019K [0x0000000082800000, 0x0000000100000000)
  region size 1024K, 38 young (38912K), 3 survivors (3072K)
 Metaspace       used 50770K, capacity 51464K, committed 51760K, reserved 1093632K
  class space    used 6748K, capacity 6995K, committed 7040K, reserved 1048576K
}
Event: 12.896 GC heap after
{Heap after GC invocations=26 (full 0):
 garbage-first heap   total 95232K, used 44822K [0x0000000082800000, 0x0000000100000000)
  region size 1024K, 4 young (4096K), 4 survivors (4096K)
 Metaspace       used 50770K, capacity 51464K, committed 51760K, reserved 1093632K
  class space    used 6748K, capacity 6995K, committed 7040K, reserved 1048576K
}
Event: 12.985 GC heap before
{Heap before GC invocations=26 (full 0):
 garbage-first heap   total 95232K, used 79638K [0x0000000082800000, 0x0000000100000000)
  region size 1024K, 38 young (38912K), 4 survivors (4096K)
 Metaspace       used 51042K, capacity 51756K, committed 52016K, reserved 1093632K
  class space    used 6761K, capacity 7001K, committed 7040K, reserved 1048576K
}
Event: 12.988 GC heap after
{Heap after GC invocations=27 (full 0):
 garbage-first heap   total 95232K, used 45592K [0x0000000082800000, 0x0000000100000000)
  region size 1024K, 4 young (4096K), 4 survivors (4096K)
 Metaspace       used 51042K, capacity 51756K, committed 52016K, reserved 1093632K
  class space    used 6761K, capacity 7001K, committed 7040K, reserved 1048576K
}
Event: 13.077 GC heap before
{Heap before GC invocations=27 (full 0):
 garbage-first heap   total 95232K, used 79384K [0x0000000082800000, 0x0000000100000000)
  region size 1024K, 37 young (37888K), 4 survivors (4096K)
 Metaspace       used 51256K, capacity 52037K, committed 52400K, reserved 1095680K
  class space    used 6777K, capacity 7045K, committed 7168K, reserved 1048576K
}
Event: 13.080 GC heap after
{Heap after GC invocations=28 (full 0):
 garbage-first heap   total 95232K, used 46510K [0x0000000082800000, 0x0000000100000000)
  region size 1024K, 4 young (4096K), 4 survivors (4096K)
 Metaspace       used 51256K, capacity 52037K, committed 52400K, reserved 1095680K
  class space    used 6777K, capacity 7045K, committed 7168K, reserved 1048576K
}
Event: 13.171 GC heap before
{Heap before GC invocations=29 (full 0):
 garbage-first heap   total 99328K, used 79278K [0x0000000082800000, 0x0000000100000000)
  region size 1024K, 36 young (36864K), 4 survivors (4096K)
 Metaspace       used 51448K, capacity 52195K, committed 52400K, reserved 1095680K
  class space    used 6790K, capacity 7050K, committed 7168K, reserved 1048576K
}
Event: 13.174 GC heap after
{Heap after GC invocations=30 (full 0):
 garbage-first heap   total 99328K, used 47180K [0x0000000082800000, 0x0000000100000000)
  region size 1024K, 4 young (4096K), 4 survivors (4096K)
 Metaspace       used 51448K, capacity 52195K, committed 52400K, reserved 1095680K
  class space    used 6790K, capacity 7050K, committed 7168K, reserved 1048576K
}
Event: 13.266 GC heap before
{Heap before GC invocations=30 (full 0):
 garbage-first heap   total 99328K, used 83020K [0x0000000082800000, 0x0000000100000000)
  region size 1024K, 39 young (39936K), 4 survivors (4096K)
 Metaspace       used 51668K, capacity 52429K, committed 52656K, reserved 1095680K
  class space    used 6806K, capacity 7057K, committed 7168K, reserved 1048576K
}
Event: 13.269 GC heap after
{Heap after GC invocations=31 (full 0):
 garbage-first heap   total 99328K, used 48062K [0x0000000082800000, 0x0000000100000000)
  region size 1024K, 4 young (4096K), 4 survivors (4096K)
 Metaspace       used 51668K, capacity 52429K, committed 52656K, reserved 1095680K
  class space    used 6806K, capacity 7057K, committed 7168K, reserved 1048576K
}
Event: 13.379 GC heap before
{Heap before GC invocations=32 (full 0):
 garbage-first heap   total 101376K, used 83902K [0x0000000082800000, 0x0000000100000000)
  region size 1024K, 39 young (39936K), 4 survivors (4096K)
 Metaspace       used 52058K, capacity 52841K, committed 52912K, reserved 1095680K
  class space    used 6829K, capacity 7100K, committed 7168K, reserved 1048576K
}

